#-----------------------------------------------------------
# Vivado v2018.2 (64-bit)
# SW Build 2258646 on Thu Jun 14 20:03:12 MDT 2018
# IP Build 2256618 on Thu Jun 14 22:10:49 MDT 2018
# Start of session at: Thu May 30 22:42:55 2019
# Process ID: 6792
# Current directory: C:/Users/sepidmnoroozi/Documents/8/fpga/project_2/NeuralNetwork_on_FPGA
# Command line: vivado.exe -gui_launcher_event rodinguilauncherevent11212 C:\Users\sepidmnoroozi\Documents\8\fpga\project_2\NeuralNetwork_on_FPGA\final2.xpr
# Log file: C:/Users/sepidmnoroozi/Documents/8/fpga/project_2/NeuralNetwork_on_FPGA/vivado.log
# Journal file: C:/Users/sepidmnoroozi/Documents/8/fpga/project_2/NeuralNetwork_on_FPGA\vivado.jou
#-----------------------------------------------------------
start_gui
open_project C:/Users/sepidmnoroozi/Documents/8/fpga/project_2/NeuralNetwork_on_FPGA/final2.xpr
Scanning sources...
Finished scanning sources
INFO: [IP_Flow 19-234] Refreshing IP repositories
INFO: [IP_Flow 19-1704] No user IP repositories specified
INFO: [IP_Flow 19-2313] Loaded Vivado IP repository 'C:/Xilinx/Vivado/2018.2/data/ip'.
open_project: Time (s): cpu = 00:00:14 ; elapsed = 00:00:08 . Memory (MB): peak = 835.012 ; gain = 113.445
update_compile_order -fileset sources_1
launch_simulation
INFO: [Vivado 12-5682] Launching behavioral simulation in 'C:/Users/sepidmnoroozi/Documents/8/fpga/project_2/NeuralNetwork_on_FPGA/final2.sim/sim_1/behav/xsim'
INFO: [SIM-utils-51] Simulation object is 'sim_1'
INFO: [SIM-utils-54] Inspecting design source files for 'Forget' in fileset 'sim_1'...
INFO: [USF-XSim-97] Finding global include files...
INFO: [USF-XSim-98] Fetching design files from 'sim_1'...
INFO: [USF-XSim-2] XSim::Compile design
INFO: [USF-XSim-61] Executing 'COMPILE and ANALYZE' step in 'C:/Users/sepidmnoroozi/Documents/8/fpga/project_2/NeuralNetwork_on_FPGA/final2.sim/sim_1/behav/xsim'
"xvhdl --incr --relax -prj Forget_vhdl.prj"
INFO: [VRFC 10-163] Analyzing VHDL file "C:/Users/sepidmnoroozi/Documents/8/fpga/project_2/NeuralNetwork_on_FPGA/final2.srcs/sources_1/new/add_module.vhd" into library xil_defaultlib
INFO: [VRFC 10-307] analyzing entity add_module
INFO: [VRFC 10-163] Analyzing VHDL file "C:/Users/sepidmnoroozi/Documents/8/fpga/project_2/NeuralNetwork_on_FPGA/final2.srcs/sources_1/new/add_module_4.vhd" into library xil_defaultlib
INFO: [VRFC 10-307] analyzing entity add_module_4
INFO: [VRFC 10-163] Analyzing VHDL file "C:/Users/sepidmnoroozi/Documents/8/fpga/project_2/NeuralNetwork_on_FPGA/final2.srcs/sources_1/new/add_module_8.vhd" into library xil_defaultlib
INFO: [VRFC 10-307] analyzing entity add_module_8
INFO: [VRFC 10-163] Analyzing VHDL file "C:/Users/sepidmnoroozi/Documents/8/fpga/project_2/NeuralNetwork_on_FPGA/final2.srcs/sources_1/new/matrix_multiply_1_4_8.vhd" into library xil_defaultlib
INFO: [VRFC 10-307] analyzing entity multiply_matrix_1_4_8
INFO: [VRFC 10-163] Analyzing VHDL file "C:/Users/sepidmnoroozi/Documents/8/fpga/project_2/NeuralNetwork_on_FPGA/final2.srcs/sources_1/new/multiplier_module.vhd" into library xil_defaultlib
INFO: [VRFC 10-307] analyzing entity multiplier_module
INFO: [VRFC 10-163] Analyzing VHDL file "C:/Users/sepidmnoroozi/Documents/8/fpga/project_2/NeuralNetwork_on_FPGA/final2.srcs/sources_1/new/multiply_matrix_1_8_4.vhd" into library xil_defaultlib
INFO: [VRFC 10-307] analyzing entity multiply_matrix_1_8_8
INFO: [VRFC 10-163] Analyzing VHDL file "C:/Users/sepidmnoroozi/Documents/8/fpga/project_2/NeuralNetwork_on_FPGA/final2.srcs/sources_1/new/Forget.vhd" into library xil_defaultlib
INFO: [VRFC 10-307] analyzing entity Forget
WARNING: [VRFC 10-393] cannot access 'vec_file' from inside pure function 'init_wf'. [C:/Users/sepidmnoroozi/Documents/8/fpga/project_2/NeuralNetwork_on_FPGA/final2.srcs/sources_1/new/Forget.vhd:56]
WARNING: [VRFC 10-393] cannot access 'vec_file' from inside pure function 'init_wf'. [C:/Users/sepidmnoroozi/Documents/8/fpga/project_2/NeuralNetwork_on_FPGA/final2.srcs/sources_1/new/Forget.vhd:57]
WARNING: [VRFC 10-393] cannot access 'vec_file' from inside pure function 'init_bf'. [C:/Users/sepidmnoroozi/Documents/8/fpga/project_2/NeuralNetwork_on_FPGA/final2.srcs/sources_1/new/Forget.vhd:76]
WARNING: [VRFC 10-393] cannot access 'vec_file' from inside pure function 'init_bf'. [C:/Users/sepidmnoroozi/Documents/8/fpga/project_2/NeuralNetwork_on_FPGA/final2.srcs/sources_1/new/Forget.vhd:77]
WARNING: [VRFC 10-393] cannot access 'vec_file' from inside pure function 'init_uf'. [C:/Users/sepidmnoroozi/Documents/8/fpga/project_2/NeuralNetwork_on_FPGA/final2.srcs/sources_1/new/Forget.vhd:92]
WARNING: [VRFC 10-393] cannot access 'vec_file' from inside pure function 'init_uf'. [C:/Users/sepidmnoroozi/Documents/8/fpga/project_2/NeuralNetwork_on_FPGA/final2.srcs/sources_1/new/Forget.vhd:93]
INFO: [USF-XSim-69] 'compile' step finished in '2' seconds
INFO: [USF-XSim-3] XSim::Elaborate design
INFO: [USF-XSim-61] Executing 'ELABORATE' step in 'C:/Users/sepidmnoroozi/Documents/8/fpga/project_2/NeuralNetwork_on_FPGA/final2.sim/sim_1/behav/xsim'
Vivado Simulator 2018.2
Copyright 1986-1999, 2001-2018 Xilinx, Inc. All Rights Reserved.
Running: C:/Xilinx/Vivado/2018.2/bin/unwrapped/win64.o/xelab.exe -wto 27609502018a4cb5956c944967b2b5bc --incr --debug typical --relax --mt 2 -L xil_defaultlib -L secureip --snapshot Forget_behav xil_defaultlib.Forget -log elaborate.log 
Using 2 slave threads.
Starting static elaboration
Completed static elaboration
Starting simulation data flow analysis
Completed simulation data flow analysis
Time Resolution for simulation is 1ps
Compiling package std.standard
Compiling package std.textio
Compiling package ieee.std_logic_1164
Compiling package ieee.math_real
Compiling package ieee.numeric_std
Compiling package xil_defaultlib.neurals_utils
Compiling architecture high_level_sim of entity xil_defaultlib.multiplier_module [multiplier_module_default]
Compiling architecture high_level_sim of entity xil_defaultlib.add_module [add_module_default]
Compiling architecture behavioral of entity xil_defaultlib.add_module_4 [add_module_4_default]
Compiling architecture behavioral of entity xil_defaultlib.multiply_matrix_1_4_8 [multiply_matrix_1_4_8_default]
Compiling architecture behavioral of entity xil_defaultlib.add_module_8 [add_module_8_default]
Compiling architecture behavioral of entity xil_defaultlib.multiply_matrix_1_8_8 [multiply_matrix_1_8_8_default]
Compiling architecture behavioral of entity xil_defaultlib.add_3_matrix_1_8 [add_3_matrix_1_8_default]
Compiling architecture behavioral of entity xil_defaultlib.forget
Built simulation snapshot Forget_behav
INFO: [USF-XSim-69] 'elaborate' step finished in '5' seconds
INFO: [USF-XSim-4] XSim::Simulate design
INFO: [USF-XSim-61] Executing 'SIMULATE' step in 'C:/Users/sepidmnoroozi/Documents/8/fpga/project_2/NeuralNetwork_on_FPGA/final2.sim/sim_1/behav/xsim'
INFO: [USF-XSim-98] *** Running xsim
   with args "Forget_behav -key {Behavioral:sim_1:Functional:Forget} -tclbatch {Forget.tcl} -log {simulate.log}"
INFO: [USF-XSim-8] Loading simulator feature
Vivado Simulator 2018.2
Time resolution is 1 ps
source Forget.tcl
# set curr_wave [current_wave_config]
# if { [string length $curr_wave] == 0 } {
#   if { [llength [get_objects]] > 0} {
#     add_wave /
#     set_property needs_save false [current_wave_config]
#   } else {
#      send_msg_id Add_Wave-1 WARNING "No top level signals found. Simulator will start without a wave window. If you want to open a wave window go to 'File->New Waveform Configuration' or type 'create_wave_config' in the TCL console."
#   }
# }
# run 1000ns
INFO: [USF-XSim-96] XSim completed. Design snapshot 'Forget_behav' loaded.
INFO: [USF-XSim-97] XSim simulation ran for 1000ns
launch_simulation: Time (s): cpu = 00:00:10 ; elapsed = 00:00:12 . Memory (MB): peak = 884.090 ; gain = 27.922
close_sim
INFO: [Simtcl 6-16] Simulation closed
