#-----------------------------------------------------------
# Vivado v2017.4 (64-bit)
# SW Build 2086221 on Fri Dec 15 20:55:39 MST 2017
# IP Build 2085800 on Fri Dec 15 22:25:07 MST 2017
# Start of session at: Wed May 29 10:43:32 2019
# Process ID: 3372
# Current directory: D:/university/FPGA/finalProject/FinalProject_phase2/final2/NeuralNetwork_on_FPGA
# Command line: vivado.exe -gui_launcher_event rodinguilauncherevent6296 D:\university\FPGA\finalProject\FinalProject_phase2\final2\NeuralNetwork_on_FPGA\final2.xpr
# Log file: D:/university/FPGA/finalProject/FinalProject_phase2/final2/NeuralNetwork_on_FPGA/vivado.log
# Journal file: D:/university/FPGA/finalProject/FinalProject_phase2/final2/NeuralNetwork_on_FPGA\vivado.jou
#-----------------------------------------------------------
start_gui
open_project D:/university/FPGA/finalProject/FinalProject_phase2/final2/NeuralNetwork_on_FPGA/final2.xpr
INFO: [Project 1-313] Project file moved from 'D:/university/FPGA/finalProject/FinalProject_phase2/final2' since last save.
Scanning sources...
Finished scanning sources
INFO: [IP_Flow 19-234] Refreshing IP repositories
INFO: [IP_Flow 19-1704] No user IP repositories specified
INFO: [IP_Flow 19-2313] Loaded Vivado IP repository 'C:/Xilinx/Vivado/2017.4/data/ip'.
open_project: Time (s): cpu = 00:00:11 ; elapsed = 00:00:05 . Memory (MB): peak = 763.477 ; gain = 69.887
update_compile_order -fileset sources_1
exit
INFO: [Common 17-206] Exiting Vivado at Wed May 29 10:44:05 2019...
