#-----------------------------------------------------------
# Vivado v2018.2 (64-bit)
# SW Build 2258646 on Thu Jun 14 20:03:12 MDT 2018
# IP Build 2256618 on Thu Jun 14 22:10:49 MDT 2018
# Start of session at: Wed May 29 10:52:08 2019
# Process ID: 1224
# Current directory: C:/Users/sepidmnoroozi/Documents/8/fpga/project_2/NeuralNetwork_on_FPGA
# Command line: vivado.exe -gui_launcher_event rodinguilauncherevent4680 C:\Users\sepidmnoroozi\Documents\8\fpga\project_2\NeuralNetwork_on_FPGA\final2.xpr
# Log file: C:/Users/sepidmnoroozi/Documents/8/fpga/project_2/NeuralNetwork_on_FPGA/vivado.log
# Journal file: C:/Users/sepidmnoroozi/Documents/8/fpga/project_2/NeuralNetwork_on_FPGA\vivado.jou
#-----------------------------------------------------------
start_gui
oexit
INFO: [Common 17-206] Exiting Vivado at Wed May 29 10:53:18 2019...
rk_on_FPGA/final2.xpr
INFO: [Project 1-313] Project file moved from 'D:/university/FPGA/finalProject/FinalProject_phase2/final2' since last save.
Scanning sources...
Finished scanning sources
WARNING: [filemgmt 56-2] IPUserFilesDir: Could not find the directory 'C:/Users/sepidmnoroozi/Documents/8/fpga/project_2/NeuralNetwork_on_FPGA/final2.ip_user_files', nor could it be found using path 'D:/university/FPGA/finalProject/FinalProject_phase2/final2/final2.ip_user_files'.
INFO: [Project 1-230] Project 'final2.xpr' upgraded for this version of Vivado.
INFO: [IP_Flow 19-234] Refreshing IP repositories
INFO: [IP_Flow 19-1704] No user IP repositories specified
INFO: [IP_Flow 19-2313] Loaded Vivado IP repository 'C:/Xilinx/Vivado/2018.2/data/ip'.
open_project: Time (s): cpu = 00:00:15 ; elapsed = 00:00:09 . Memory (MB): peak = 833.188 ; gain = 94.477
update_compile_order -fileset sources_1
set_property file_type {VHDL 2008} [get_files  C:/Users/sepidmnoroozi/Documents/8/fpga/project_2/NeuralNetwork_on_FPGA/final2.srcs/sources_1/new/neural.vhd]
set_property file_type {VHDL 2008} [get_files  C:/Users/sepidmnoroozi/Documents/8/fpga/project_2/NeuralNetwork_on_FPGA/final2.srcs/sources_1/new/lstm.vhd]
close [ open C:/Users/sepidmnoroozi/Documents/8/fpga/project_2/NeuralNetwork_on_FPGA/final2.srcs/sources_1/new/Input.vhd w ]
add_files C:/Users/sepidmnoroozi/Documents/8/fpga/project_2/NeuralNetwork_on_FPGA/final2.srcs/sources_1/new/Input.vhd
update_compile_order -fileset sources_1
close [ open C:/Users/sepidmnoroozi/Documents/8/fpga/project_2/NeuralNetwork_on_FPGA/final2.srcs/sources_1/new/matrix_add.vhd w ]
add_files C:/Users/sepidmnoroozi/Documents/8/fpga/project_2/NeuralNetwork_on_FPGA/final2.srcs/sources_1/new/matrix_add.vhd
update_compile_order -fileset sources_1
set_property file_type {VHDL 2008} [get_files  C:/Users/sepidmnoroozi/Documents/8/fpga/project_2/NeuralNetwork_on_FPGA/final2.srcs/sources_1/new/Input.vhd]
set_property file_type {VHDL 2008} [get_files  C:/Users/sepidmnoroozi/Documents/8/fpga/project_2/NeuralNetwork_on_FPGA/final2.srcs/sources_1/new/matrix_add.vhd]
export_ip_user_files -of_objects  [get_files C:/Users/sepidmnoroozi/Documents/8/fpga/project_2/NeuralNetwork_on_FPGA/final2.srcs/sources_1/new/matrix_add.vhd] -no_script -reset -force -quiet
remove_files  C:/Users/sepidmnoroozi/Documents/8/fpga/project_2/NeuralNetwork_on_FPGA/final2.srcs/sources_1/new/matrix_add.vhd
file delete -force C:/Users/sepidmnoroozi/Documents/8/fpga/project_2/NeuralNetwork_on_FPGA/final2.srcs/sources_1/new/matrix_add.vhd
close [ open C:/Users/sepidmnoroozi/Documents/8/fpga/project_2/NeuralNetwork_on_FPGA/final2.srcs/sources_1/new/add_matrix_1_8.vhd w ]
add_files C:/Users/sepidmnoroozi/Documents/8/fpga/project_2/NeuralNetwork_on_FPGA/final2.srcs/sources_1/new/add_matrix_1_8.vhd
update_compile_order -fileset sources_1
set_property file_type {VHDL 2008} [get_files  C:/Users/sepidmnoroozi/Documents/8/fpga/project_2/NeuralNetwork_on_FPGA/final2.srcs/sources_1/new/add_matrix_1_8.vhd]
close [ open C:/Users/sepidmnoroozi/Documents/8/fpga/project_2/NeuralNetwork_on_FPGA/final2.srcs/sources_1/new/add_module.vhd w ]
add_files C:/Users/sepidmnoroozi/Documents/8/fpga/project_2/NeuralNetwork_on_FPGA/final2.srcs/sources_1/new/add_module.vhd
update_compile_order -fileset sources_1
update_compile_order -fileset sources_1
set_property file_type {VHDL 2008} [get_files  C:/Users/sepidmnoroozi/Documents/8/fpga/project_2/NeuralNetwork_on_FPGA/final2.srcs/sources_1/new/add_module.vhd]
set_property is_enabled false [get_files  C:/Users/sepidmnoroozi/Documents/8/fpga/project_2/NeuralNetwork_on_FPGA/final2.srcs/sources_1/new/Input.vhd]
set_property is_enabled false [get_files  C:/Users/sepidmnoroozi/Documents/8/fpga/project_2/NeuralNetwork_on_FPGA/final2.srcs/sources_1/new/lstm.vhd]
launch_simulation
INFO: [Vivado 12-5682] Launching behavioral simulation in 'C:/Users/sepidmnoroozi/Documents/8/fpga/project_2/NeuralNetwork_on_FPGA/final2.sim/sim_1/behav/xsim'
INFO: [SIM-utils-51] Simulation object is 'sim_1'
INFO: [SIM-utils-54] Inspecting design source files for 'add_matrix_1_8' in fileset 'sim_1'...
INFO: [USF-XSim-97] Finding global include files...
INFO: [USF-XSim-98] Fetching design files from 'sim_1'...
INFO: [USF-XSim-2] XSim::Compile design
INFO: [USF-XSim-61] Executing 'COMPILE and ANALYZE' step in 'C:/Users/sepidmnoroozi/Documents/8/fpga/project_2/NeuralNetwork_on_FPGA/final2.sim/sim_1/behav/xsim'
"xvhdl --incr --relax -prj add_matrix_1_8_vhdl.prj"
INFO: [VRFC 10-163] Analyzing VHDL file "C:/Users/sepidmnoroozi/Documents/8/fpga/project_2/NeuralNetwork_on_FPGA/final2.srcs/sources_1/new/neural.vhd" into library xil_defaultlib
INFO: [VRFC 10-163] Analyzing VHDL file "C:/Users/sepidmnoroozi/Documents/8/fpga/project_2/NeuralNetwork_on_FPGA/final2.srcs/sources_1/new/add_module.vhd" into library xil_defaultlib
INFO: [VRFC 10-307] analyzing entity add_module
INFO: [VRFC 10-163] Analyzing VHDL file "C:/Users/sepidmnoroozi/Documents/8/fpga/project_2/NeuralNetwork_on_FPGA/final2.srcs/sources_1/new/add_matrix_1_8.vhd" into library xil_defaultlib
INFO: [VRFC 10-307] analyzing entity add_matrix_1_8
INFO: [USF-XSim-69] 'compile' step finished in '3' seconds
INFO: [USF-XSim-3] XSim::Elaborate design
INFO: [USF-XSim-61] Executing 'ELABORATE' step in 'C:/Users/sepidmnoroozi/Documents/8/fpga/project_2/NeuralNetwork_on_FPGA/final2.sim/sim_1/behav/xsim'
Vivado Simulator 2018.2
Copyright 1986-1999, 2001-2018 Xilinx, Inc. All Rights Reserved.
Running: C:/Xilinx/Vivado/2018.2/bin/unwrapped/win64.o/xelab.exe -wto 27609502018a4cb5956c944967b2b5bc --incr --debug typical --relax --mt 2 -L xil_defaultlib -L secureip --snapshot add_matrix_1_8_behav xil_defaultlib.add_matrix_1_8 -log elaborate.log 
Using 2 slave threads.
Starting static elaboration
Completed static elaboration
Starting simulation data flow analysis
Completed simulation data flow analysis
Time Resolution for simulation is 1ps
Compiling package std.standard
Compiling package std.textio
Compiling package ieee.std_logic_1164
Compiling package ieee.math_real
Compiling package ieee.numeric_std
Compiling package xil_defaultlib.neurals_utils
Compiling architecture high_level_sim of entity xil_defaultlib.add_module [add_module_default]
Compiling architecture behavioral of entity xil_defaultlib.add_matrix_1_8
Built simulation snapshot add_matrix_1_8_behav

****** Webtalk v2018.2 (64-bit)
  **** SW Build 2258646 on Thu Jun 14 20:03:12 MDT 2018
  **** IP Build 2256618 on Thu Jun 14 22:10:49 MDT 2018
    ** Copyright 1986-2018 Xilinx, Inc. All Rights Reserved.

source C:/Users/sepidmnoroozi/Documents/8/fpga/project_2/NeuralNetwork_on_FPGA/final2.sim/sim_1/behav/xsim/xsim.dir/add_matrix_1_8_behav/webtalk/xsim_webtalk.tcl -notrace
webtalk_transmit: Time (s): cpu = 00:00:00 ; elapsed = 00:00:06 . Memory (MB): peak = 55.395 ; gain = 1.129
INFO: [Common 17-206] Exiting Webtalk at Wed May 29 11:55:03 2019...
run_program: Time (s): cpu = 00:00:01 ; elapsed = 00:00:13 . Memory (MB): peak = 897.191 ; gain = 0.000
INFO: [USF-XSim-69] 'elaborate' step finished in '13' seconds
INFO: [USF-XSim-4] XSim::Simulate design
INFO: [USF-XSim-61] Executing 'SIMULATE' step in 'C:/Users/sepidmnoroozi/Documents/8/fpga/project_2/NeuralNetwork_on_FPGA/final2.sim/sim_1/behav/xsim'
INFO: [USF-XSim-98] *** Running xsim
   with args "add_matrix_1_8_behav -key {Behavioral:sim_1:Functional:add_matrix_1_8} -tclbatch {add_matrix_1_8.tcl} -log {simulate.log}"
INFO: [USF-XSim-8] Loading simulator feature
Vivado Simulator 2018.2
Time resolution is 1 ps
source add_matrix_1_8.tcl
# set curr_wave [current_wave_config]
# if { [string length $curr_wave] == 0 } {
#   if { [llength [get_objects]] > 0} {
#     add_wave /
#     set_property needs_save false [current_wave_config]
#   } else {
#      send_msg_id Add_Wave-1 WARNING "No top level signals found. Simulator will start without a wave window. If you want to open a wave window go to 'File->New Waveform Configuration' or type 'create_wave_config' in the TCL console."
#   }
# }
# run 1000ns
INFO: [USF-XSim-96] XSim completed. Design snapshot 'add_matrix_1_8_behav' loaded.
INFO: [USF-XSim-97] XSim simulation ran for 1000ns
launch_simulation: Time (s): cpu = 00:00:09 ; elapsed = 00:00:21 . Memory (MB): peak = 924.652 ; gain = 27.461
add_force {/add_matrix_1_8/in_1[0]} -radix hex {1 0ns}
add_force {/add_matrix_1_8/in_1[1]} -radix hex {2 0ns}
add_force {/add_matrix_1_8/in_1[2]} -radix hex {3 0ns}
add_force {/add_matrix_1_8/in_2[0]} -radix hex {4 0ns}
add_force {/add_matrix_1_8/in_2[0]} -radix hex {1 0ns}
add_force {/add_matrix_1_8/in_2[1]} -radix hex {2 0ns}
add_force {/add_matrix_1_8/in_2[2]} -radix hex {3 0ns}
run 1000 us
close_sim
INFO: [Simtcl 6-16] Simulation closed
close_sim: Time (s): cpu = 00:00:01 ; elapsed = 00:00:10 . Memory (MB): peak = 924.652 ; gain = 0.000
set_property is_enabled false [get_files  C:/Users/sepidmnoroozi/Documents/8/fpga/project_2/NeuralNetwork_on_FPGA/final2.srcs/sources_1/new/add_matrix_1_8.vhd]
set_property is_enabled false [get_files  C:/Users/sepidmnoroozi/Documents/8/fpga/project_2/NeuralNetwork_on_FPGA/final2.srcs/sources_1/new/add_module.vhd]
set_property is_enabled true [get_files  C:/Users/sepidmnoroozi/Documents/8/fpga/project_2/NeuralNetwork_on_FPGA/final2.srcs/sources_1/new/Input.vhd]
launch_simulation
INFO: [Vivado 12-5682] Launching behavioral simulation in 'C:/Users/sepidmnoroozi/Documents/8/fpga/project_2/NeuralNetwork_on_FPGA/final2.sim/sim_1/behav/xsim'
INFO: [SIM-utils-51] Simulation object is 'sim_1'
INFO: [SIM-utils-54] Inspecting design source files for 'Input' in fileset 'sim_1'...
INFO: [USF-XSim-97] Finding global include files...
INFO: [USF-XSim-98] Fetching design files from 'sim_1'...
INFO: [USF-XSim-2] XSim::Compile design
INFO: [USF-XSim-61] Executing 'COMPILE and ANALYZE' step in 'C:/Users/sepidmnoroozi/Documents/8/fpga/project_2/NeuralNetwork_on_FPGA/final2.sim/sim_1/behav/xsim'
"xvhdl --incr --relax -prj Input_vhdl.prj"
INFO: [VRFC 10-163] Analyzing VHDL file "C:/Users/sepidmnoroozi/Documents/8/fpga/project_2/NeuralNetwork_on_FPGA/final2.srcs/sources_1/new/Input.vhd" into library xil_defaultlib
INFO: [VRFC 10-307] analyzing entity Input
ERROR: [VRFC 10-91] conv_signed is not declared [C:/Users/sepidmnoroozi/Documents/8/fpga/project_2/NeuralNetwork_on_FPGA/final2.srcs/sources_1/new/Input.vhd:48]
ERROR: [VRFC 10-1083] near std_logic_vector ; type conversion expression type cannot be determined uniquely [C:/Users/sepidmnoroozi/Documents/8/fpga/project_2/NeuralNetwork_on_FPGA/final2.srcs/sources_1/new/Input.vhd:48]
ERROR: [VRFC 10-1504] unit behavioral ignored due to previous errors [C:/Users/sepidmnoroozi/Documents/8/fpga/project_2/NeuralNetwork_on_FPGA/final2.srcs/sources_1/new/Input.vhd:44]
INFO: [VRFC 10-240] VHDL file C:/Users/sepidmnoroozi/Documents/8/fpga/project_2/NeuralNetwork_on_FPGA/final2.srcs/sources_1/new/Input.vhd ignored due to errors
INFO: [USF-XSim-69] 'compile' step finished in '2' seconds
INFO: [USF-XSim-99] Step results log file:'C:/Users/sepidmnoroozi/Documents/8/fpga/project_2/NeuralNetwork_on_FPGA/final2.sim/sim_1/behav/xsim/xvhdl.log'
ERROR: [USF-XSim-62] 'compile' step failed with error(s). Please check the Tcl console output or 'C:/Users/sepidmnoroozi/Documents/8/fpga/project_2/NeuralNetwork_on_FPGA/final2.sim/sim_1/behav/xsim/xvhdl.log' file for more information.
ERROR: [Vivado 12-4473] Detected error while running simulation. Please correct the issue and retry this operation.
ERROR: [Common 17-39] 'launch_simulation' failed due to earlier errors.
set_property is_enabled false [get_files  C:/Users/sepidmnoroozi/Documents/8/fpga/project_2/NeuralNetwork_on_FPGA/final2.srcs/sources_1/new/Input.vhd]
close [ open C:/Users/sepidmnoroozi/Documents/8/fpga/project_2/NeuralNetwork_on_FPGA/final2.srcs/sources_1/new/dot_multiplier_1_8.vhd w ]
add_files C:/Users/sepidmnoroozi/Documents/8/fpga/project_2/NeuralNetwork_on_FPGA/final2.srcs/sources_1/new/dot_multiplier_1_8.vhd
set_property is_enabled false [get_files  C:/Users/sepidmnoroozi/Documents/8/fpga/project_2/NeuralNetwork_on_FPGA/final2.srcs/sources_1/new/neural.vhd]
set_property file_type {VHDL 2008} [get_files  C:/Users/sepidmnoroozi/Documents/8/fpga/project_2/NeuralNetwork_on_FPGA/final2.srcs/sources_1/new/dot_multiplier_1_8.vhd]
set_property is_enabled true [get_files  C:/Users/sepidmnoroozi/Documents/8/fpga/project_2/NeuralNetwork_on_FPGA/final2.srcs/sources_1/new/neural.vhd]
update_compile_order -fileset sources_1
update_compile_order -fileset sources_1
close [ open C:/Users/sepidmnoroozi/Documents/8/fpga/project_2/NeuralNetwork_on_FPGA/final2.srcs/sources_1/new/multiplier_module.vhd w ]
add_files C:/Users/sepidmnoroozi/Documents/8/fpga/project_2/NeuralNetwork_on_FPGA/final2.srcs/sources_1/new/multiplier_module.vhd
update_compile_order -fileset sources_1
update_compile_order -fileset sources_1
set_property is_enabled false [get_files  C:/Users/sepidmnoroozi/Documents/8/fpga/project_2/NeuralNetwork_on_FPGA/final2.srcs/sources_1/new/dot_multiplier_1_8.vhd]
set_property is_enabled true [get_files  C:/Users/sepidmnoroozi/Documents/8/fpga/project_2/NeuralNetwork_on_FPGA/final2.srcs/sources_1/new/Input.vhd]
set_property is_enabled false [get_files  C:/Users/sepidmnoroozi/Documents/8/fpga/project_2/NeuralNetwork_on_FPGA/final2.srcs/sources_1/new/multiplier_module.vhd]
set_property file_type {VHDL 2008} [get_files  C:/Users/sepidmnoroozi/Documents/8/fpga/project_2/NeuralNetwork_on_FPGA/final2.srcs/sources_1/new/multiplier_module.vhd]
launch_simulation
INFO: [Vivado 12-5682] Launching behavioral simulation in 'C:/Users/sepidmnoroozi/Documents/8/fpga/project_2/NeuralNetwork_on_FPGA/final2.sim/sim_1/behav/xsim'
INFO: [SIM-utils-51] Simulation object is 'sim_1'
INFO: [SIM-utils-54] Inspecting design source files for 'Input' in fileset 'sim_1'...
INFO: [USF-XSim-97] Finding global include files...
INFO: [USF-XSim-98] Fetching design files from 'sim_1'...
INFO: [USF-XSim-2] XSim::Compile design
INFO: [USF-XSim-61] Executing 'COMPILE and ANALYZE' step in 'C:/Users/sepidmnoroozi/Documents/8/fpga/project_2/NeuralNetwork_on_FPGA/final2.sim/sim_1/behav/xsim'
"xvhdl --incr --relax -prj Input_vhdl.prj"
INFO: [VRFC 10-163] Analyzing VHDL file "C:/Users/sepidmnoroozi/Documents/8/fpga/project_2/NeuralNetwork_on_FPGA/final2.srcs/sources_1/new/Input.vhd" into library xil_defaultlib
INFO: [VRFC 10-307] analyzing entity Input
ERROR: [VRFC 10-926] indexed name prefix type matrix_4_8 expects 2 dimensions [C:/Users/sepidmnoroozi/Documents/8/fpga/project_2/NeuralNetwork_on_FPGA/final2.srcs/sources_1/new/Input.vhd:55]
ERROR: [VRFC 10-1504] unit behavioral ignored due to previous errors [C:/Users/sepidmnoroozi/Documents/8/fpga/project_2/NeuralNetwork_on_FPGA/final2.srcs/sources_1/new/Input.vhd:47]
INFO: [VRFC 10-240] VHDL file C:/Users/sepidmnoroozi/Documents/8/fpga/project_2/NeuralNetwork_on_FPGA/final2.srcs/sources_1/new/Input.vhd ignored due to errors
INFO: [USF-XSim-69] 'compile' step finished in '2' seconds
INFO: [USF-XSim-99] Step results log file:'C:/Users/sepidmnoroozi/Documents/8/fpga/project_2/NeuralNetwork_on_FPGA/final2.sim/sim_1/behav/xsim/xvhdl.log'
ERROR: [USF-XSim-62] 'compile' step failed with error(s). Please check the Tcl console output or 'C:/Users/sepidmnoroozi/Documents/8/fpga/project_2/NeuralNetwork_on_FPGA/final2.sim/sim_1/behav/xsim/xvhdl.log' file for more information.
ERROR: [Vivado 12-4473] Detected error while running simulation. Please correct the issue and retry this operation.
ERROR: [Common 17-39] 'launch_simulation' failed due to earlier errors.
launch_simulation
INFO: [Vivado 12-5682] Launching behavioral simulation in 'C:/Users/sepidmnoroozi/Documents/8/fpga/project_2/NeuralNetwork_on_FPGA/final2.sim/sim_1/behav/xsim'
INFO: [SIM-utils-51] Simulation object is 'sim_1'
INFO: [SIM-utils-54] Inspecting design source files for 'Input' in fileset 'sim_1'...
INFO: [USF-XSim-97] Finding global include files...
INFO: [USF-XSim-98] Fetching design files from 'sim_1'...
INFO: [USF-XSim-2] XSim::Compile design
INFO: [USF-XSim-61] Executing 'COMPILE and ANALYZE' step in 'C:/Users/sepidmnoroozi/Documents/8/fpga/project_2/NeuralNetwork_on_FPGA/final2.sim/sim_1/behav/xsim'
"xvhdl --incr --relax -prj Input_vhdl.prj"
INFO: [VRFC 10-163] Analyzing VHDL file "C:/Users/sepidmnoroozi/Documents/8/fpga/project_2/NeuralNetwork_on_FPGA/final2.srcs/sources_1/new/Input.vhd" into library xil_defaultlib
INFO: [VRFC 10-307] analyzing entity Input
INFO: [USF-XSim-69] 'compile' step finished in '2' seconds
INFO: [USF-XSim-3] XSim::Elaborate design
INFO: [USF-XSim-61] Executing 'ELABORATE' step in 'C:/Users/sepidmnoroozi/Documents/8/fpga/project_2/NeuralNetwork_on_FPGA/final2.sim/sim_1/behav/xsim'
Vivado Simulator 2018.2
Copyright 1986-1999, 2001-2018 Xilinx, Inc. All Rights Reserved.
Running: C:/Xilinx/Vivado/2018.2/bin/unwrapped/win64.o/xelab.exe -wto 27609502018a4cb5956c944967b2b5bc --incr --debug typical --relax --mt 2 -L xil_defaultlib -L secureip --snapshot Input_behav xil_defaultlib.Input -log elaborate.log 
Using 2 slave threads.
Starting static elaboration
Completed static elaboration
Starting simulation data flow analysis
Completed simulation data flow analysis
Time Resolution for simulation is 1ps
Compiling package std.standard
Compiling package std.textio
Compiling package ieee.std_logic_1164
Compiling package ieee.math_real
Compiling package ieee.numeric_std
Compiling package xil_defaultlib.neurals_utils
Compiling architecture behavioral of entity xil_defaultlib.input
Built simulation snapshot Input_behav

****** Webtalk v2018.2 (64-bit)
  **** SW Build 2258646 on Thu Jun 14 20:03:12 MDT 2018
  **** IP Build 2256618 on Thu Jun 14 22:10:49 MDT 2018
    ** Copyright 1986-2018 Xilinx, Inc. All Rights Reserved.

source C:/Users/sepidmnoroozi/Documents/8/fpga/project_2/NeuralNetwork_on_FPGA/final2.sim/sim_1/behav/xsim/xsim.dir/Input_behav/webtalk/xsim_webtalk.tcl -notrace
webtalk_transmit: Time (s): cpu = 00:00:00 ; elapsed = 00:00:06 . Memory (MB): peak = 55.543 ; gain = 1.063
INFO: [Common 17-206] Exiting Webtalk at Wed May 29 14:55:22 2019...
run_program: Time (s): cpu = 00:00:00 ; elapsed = 00:00:12 . Memory (MB): peak = 924.652 ; gain = 0.000
INFO: [USF-XSim-69] 'elaborate' step finished in '12' seconds
INFO: [USF-XSim-4] XSim::Simulate design
INFO: [USF-XSim-61] Executing 'SIMULATE' step in 'C:/Users/sepidmnoroozi/Documents/8/fpga/project_2/NeuralNetwork_on_FPGA/final2.sim/sim_1/behav/xsim'
INFO: [USF-XSim-98] *** Running xsim
   with args "Input_behav -key {Behavioral:sim_1:Functional:Input} -tclbatch {Input.tcl} -log {simulate.log}"
INFO: [USF-XSim-8] Loading simulator feature
Vivado Simulator 2018.2
Time resolution is 1 ps
source Input.tcl
# set curr_wave [current_wave_config]
# if { [string length $curr_wave] == 0 } {
#   if { [llength [get_objects]] > 0} {
#     add_wave /
#     set_property needs_save false [current_wave_config]
#   } else {
#      send_msg_id Add_Wave-1 WARNING "No top level signals found. Simulator will start without a wave window. If you want to open a wave window go to 'File->New Waveform Configuration' or type 'create_wave_config' in the TCL console."
#   }
# }
# run 1000ns
INFO: [USF-XSim-96] XSim completed. Design snapshot 'Input_behav' loaded.
INFO: [USF-XSim-97] XSim simulation ran for 1000ns
launch_simulation: Time (s): cpu = 00:00:03 ; elapsed = 00:00:16 . Memory (MB): peak = 924.652 ; gain = 0.000
close_sim
INFO: [Simtcl 6-16] Simulation closed
close_sim: Time (s): cpu = 00:00:01 ; elapsed = 00:00:10 . Memory (MB): peak = 925.617 ; gain = 0.102
set_property is_enabled false [get_files  C:/Users/sepidmnoroozi/Documents/8/fpga/project_2/NeuralNetwork_on_FPGA/final2.srcs/sources_1/new/Input.vhd]
set_property is_enabled true [get_files  C:/Users/sepidmnoroozi/Documents/8/fpga/project_2/NeuralNetwork_on_FPGA/final2.srcs/sources_1/new/Input.vhd]
