#-----------------------------------------------------------
# Vivado v2018.2 (64-bit)
# SW Build 2258646 on Thu Jun 14 20:03:12 MDT 2018
# IP Build 2256618 on Thu Jun 14 22:10:49 MDT 2018
# Start of session at: Wed May 29 17:13:04 2019
# Process ID: 11864
# Current directory: C:/Users/sepidmnoroozi/Documents/8/fpga/project_2/NeuralNetwork_on_FPGA
# Command line: vivado.exe -gui_launcher_event rodinguilauncherevent9732 C:\Users\sepidmnoroozi\Documents\8\fpga\project_2\NeuralNetwork_on_FPGA\final2.xpr
# Log file: C:/Users/sepidmnoroozi/Documents/8/fpga/project_2/NeuralNetwork_on_FPGA/vivado.log
# Journal file: C:/Users/sepidmnoroozi/Documents/8/fpga/project_2/NeuralNetwork_on_FPGA\vivado.jou
#-----------------------------------------------------------
start_gui
open_project C:/Users/sepidmnoroozi/Documents/8/fpga/project_2/NeuralNetwork_on_FPGA/final2.xpr
Scanning sources...
Finished scanning sources
INFO: [IP_Flow 19-234] Refreshing IP repositories
INFO: [IP_Flow 19-1704] No user IP repositories specified
INFO: [IP_Flow 19-2313] Loaded Vivado IP repository 'C:/Xilinx/Vivado/2018.2/data/ip'.
open_project: Time (s): cpu = 00:00:17 ; elapsed = 00:00:10 . Memory (MB): peak = 843.996 ; gain = 128.969
update_compile_order -fileset sources_1
add_files -norecurse {C:/Users/sepidmnoroozi/Documents/8/fpga/project_2/NeuralNetwork_on_FPGA/final2.srcs/sources_1/new/multiply_matrix_1_8_4.vhd C:/Users/sepidmnoroozi/Documents/8/fpga/project_2/NeuralNetwork_on_FPGA/final2.srcs/sources_1/new/add_module_4.vhd C:/Users/sepidmnoroozi/Documents/8/fpga/project_2/NeuralNetwork_on_FPGA/final2.srcs/sources_1/new/matrix_multiply_1_4_8.vhd C:/Users/sepidmnoroozi/Documents/8/fpga/project_2/NeuralNetwork_on_FPGA/final2.srcs/sources_1/new/add_module_8.vhd}
update_compile_order -fileset sources_1
update_compile_order -fileset sources_1
set_property file_type {VHDL 2008} [get_files  C:/Users/sepidmnoroozi/Documents/8/fpga/project_2/NeuralNetwork_on_FPGA/final2.srcs/sources_1/new/add_module_8.vhd]
update_compile_order -fileset sources_1
set_property file_type {VHDL 2008} [get_files  C:/Users/sepidmnoroozi/Documents/8/fpga/project_2/NeuralNetwork_on_FPGA/final2.srcs/sources_1/new/multiply_matrix_1_8_4.vhd]
set_property file_type {VHDL 2008} [get_files  C:/Users/sepidmnoroozi/Documents/8/fpga/project_2/NeuralNetwork_on_FPGA/final2.srcs/sources_1/new/add_module_4.vhd]
set_property file_type {VHDL 2008} [get_files  C:/Users/sepidmnoroozi/Documents/8/fpga/project_2/NeuralNetwork_on_FPGA/final2.srcs/sources_1/new/matrix_multiply_1_4_8.vhd]
set_property is_enabled false [get_files  C:/Users/sepidmnoroozi/Documents/8/fpga/project_2/NeuralNetwork_on_FPGA/final2.srcs/sources_1/new/matrix_multiply_1_4_8.vhd]
set_property is_enabled false [get_files  C:/Users/sepidmnoroozi/Documents/8/fpga/project_2/NeuralNetwork_on_FPGA/final2.srcs/sources_1/new/Forget.vhd]
update_compile_order -fileset sources_1
set_property is_enabled false [get_files  C:/Users/sepidmnoroozi/Documents/8/fpga/project_2/NeuralNetwork_on_FPGA/final2.srcs/sources_1/new/multiply_matrix_1_8_4.vhd]
update_compile_order -fileset sources_1
set_property is_enabled true [get_files  C:/Users/sepidmnoroozi/Documents/8/fpga/project_2/NeuralNetwork_on_FPGA/final2.srcs/sources_1/new/matrix_multiply_1_4_8.vhd]
update_compile_order -fileset sources_1
set_property is_enabled false [get_files  C:/Users/sepidmnoroozi/Documents/8/fpga/project_2/NeuralNetwork_on_FPGA/final2.srcs/sources_1/new/add_module_8.vhd]
set_property is_enabled true [get_files  C:/Users/sepidmnoroozi/Documents/8/fpga/project_2/NeuralNetwork_on_FPGA/final2.srcs/sources_1/new/multiplier_module.vhd]
update_compile_order -fileset sources_1
launch_simulation
INFO: [Vivado 12-5682] Launching behavioral simulation in 'C:/Users/sepidmnoroozi/Documents/8/fpga/project_2/NeuralNetwork_on_FPGA/final2.sim/sim_1/behav/xsim'
INFO: [SIM-utils-51] Simulation object is 'sim_1'
INFO: [SIM-utils-54] Inspecting design source files for 'multiply_matrix_1_4_8' in fileset 'sim_1'...
INFO: [USF-XSim-97] Finding global include files...
INFO: [USF-XSim-98] Fetching design files from 'sim_1'...
INFO: [USF-XSim-2] XSim::Compile design
INFO: [USF-XSim-61] Executing 'COMPILE and ANALYZE' step in 'C:/Users/sepidmnoroozi/Documents/8/fpga/project_2/NeuralNetwork_on_FPGA/final2.sim/sim_1/behav/xsim'
"xvhdl --incr --relax -prj multiply_matrix_1_4_8_vhdl.prj"
INFO: [VRFC 10-163] Analyzing VHDL file "C:/Users/sepidmnoroozi/Documents/8/fpga/project_2/NeuralNetwork_on_FPGA/final2.srcs/sources_1/new/add_module_4.vhd" into library xil_defaultlib
INFO: [VRFC 10-307] analyzing entity add_module_4
INFO: [VRFC 10-163] Analyzing VHDL file "C:/Users/sepidmnoroozi/Documents/8/fpga/project_2/NeuralNetwork_on_FPGA/final2.srcs/sources_1/new/multiplier_module.vhd" into library xil_defaultlib
INFO: [VRFC 10-307] analyzing entity multiplier_module
INFO: [VRFC 10-163] Analyzing VHDL file "C:/Users/sepidmnoroozi/Documents/8/fpga/project_2/NeuralNetwork_on_FPGA/final2.srcs/sources_1/new/matrix_multiply_1_4_8.vhd" into library xil_defaultlib
INFO: [VRFC 10-307] analyzing entity multiply_matrix_1_4_8
INFO: [USF-XSim-69] 'compile' step finished in '3' seconds
INFO: [USF-XSim-3] XSim::Elaborate design
INFO: [USF-XSim-61] Executing 'ELABORATE' step in 'C:/Users/sepidmnoroozi/Documents/8/fpga/project_2/NeuralNetwork_on_FPGA/final2.sim/sim_1/behav/xsim'
Vivado Simulator 2018.2
Copyright 1986-1999, 2001-2018 Xilinx, Inc. All Rights Reserved.
Running: C:/Xilinx/Vivado/2018.2/bin/unwrapped/win64.o/xelab.exe -wto 27609502018a4cb5956c944967b2b5bc --incr --debug typical --relax --mt 2 -L xil_defaultlib -L secureip --snapshot multiply_matrix_1_4_8_behav xil_defaultlib.multiply_matrix_1_4_8 -log elaborate.log 
Using 2 slave threads.
Starting static elaboration
Completed static elaboration
Starting simulation data flow analysis
Completed simulation data flow analysis
Time Resolution for simulation is 1ps
Compiling package std.standard
Compiling package std.textio
Compiling package ieee.std_logic_1164
Compiling package ieee.math_real
Compiling package ieee.numeric_std
Compiling package xil_defaultlib.neurals_utils
Compiling architecture high_level_sim of entity xil_defaultlib.multiplier_module [multiplier_module_default]
Compiling architecture high_level_sim of entity xil_defaultlib.add_module [add_module_default]
Compiling architecture behavioral of entity xil_defaultlib.add_module_4 [add_module_4_default]
Compiling architecture behavioral of entity xil_defaultlib.multiply_matrix_1_4_8
Built simulation snapshot multiply_matrix_1_4_8_behav

****** Webtalk v2018.2 (64-bit)
  **** SW Build 2258646 on Thu Jun 14 20:03:12 MDT 2018
  **** IP Build 2256618 on Thu Jun 14 22:10:49 MDT 2018
    ** Copyright 1986-2018 Xilinx, Inc. All Rights Reserved.

source C:/Users/sepidmnoroozi/Documents/8/fpga/project_2/NeuralNetwork_on_FPGA/final2.sim/sim_1/behav/xsim/xsim.dir/multiply_matrix_1_4_8_behav/webtalk/xsim_webtalk.tcl -notrace
webtalk_transmit: Time (s): cpu = 00:00:00 ; elapsed = 00:00:06 . Memory (MB): peak = 55.363 ; gain = 1.129
INFO: [Common 17-206] Exiting Webtalk at Wed May 29 17:22:11 2019...
run_program: Time (s): cpu = 00:00:00 ; elapsed = 00:00:11 . Memory (MB): peak = 876.410 ; gain = 0.000
INFO: [USF-XSim-69] 'elaborate' step finished in '10' seconds
INFO: [USF-XSim-4] XSim::Simulate design
INFO: [USF-XSim-61] Executing 'SIMULATE' step in 'C:/Users/sepidmnoroozi/Documents/8/fpga/project_2/NeuralNetwork_on_FPGA/final2.sim/sim_1/behav/xsim'
INFO: [USF-XSim-98] *** Running xsim
   with args "multiply_matrix_1_4_8_behav -key {Behavioral:sim_1:Functional:multiply_matrix_1_4_8} -tclbatch {multiply_matrix_1_4_8.tcl} -log {simulate.log}"
INFO: [USF-XSim-8] Loading simulator feature
Vivado Simulator 2018.2
Time resolution is 1 ps
source multiply_matrix_1_4_8.tcl
# set curr_wave [current_wave_config]
# if { [string length $curr_wave] == 0 } {
#   if { [llength [get_objects]] > 0} {
#     add_wave /
#     set_property needs_save false [current_wave_config]
#   } else {
#      send_msg_id Add_Wave-1 WARNING "No top level signals found. Simulator will start without a wave window. If you want to open a wave window go to 'File->New Waveform Configuration' or type 'create_wave_config' in the TCL console."
#   }
# }
# run 1000ns
INFO: [USF-XSim-96] XSim completed. Design snapshot 'multiply_matrix_1_4_8_behav' loaded.
INFO: [USF-XSim-97] XSim simulation ran for 1000ns
launch_simulation: Time (s): cpu = 00:00:08 ; elapsed = 00:00:17 . Memory (MB): peak = 895.734 ; gain = 19.324
add_force {/multiply_matrix_1_4_8/in1[0]} -radix hex {1 0ns}
add_force {/multiply_matrix_1_4_8/in1[1]} -radix hex {2 0ns}
add_force {/multiply_matrix_1_4_8/in1[2]} -radix hex {3 0ns}
add_force {/multiply_matrix_1_4_8/in1[3]} -radix hex {4 0ns}
add_force {/multiply_matrix_1_4_8/in2[0,0]} -radix hex {1 0ns}
add_force {/multiply_matrix_1_4_8/in2[1,0]} -radix hex {2 0ns}
add_force {/multiply_matrix_1_4_8/in2[2,0]} -radix hex {3 0ns}
add_force {/multiply_matrix_1_4_8/in2[3,0]} -radix hex {4 0ns}
run 1000 us
run 1000 us
close_sim
INFO: [Simtcl 6-16] Simulation closed
close_sim: Time (s): cpu = 00:00:01 ; elapsed = 00:00:09 . Memory (MB): peak = 908.586 ; gain = 0.121
set_property is_enabled false [get_files  C:/Users/sepidmnoroozi/Documents/8/fpga/project_2/NeuralNetwork_on_FPGA/final2.srcs/sources_1/new/matrix_multiply_1_4_8.vhd]
set_property is_enabled false [get_files  C:/Users/sepidmnoroozi/Documents/8/fpga/project_2/NeuralNetwork_on_FPGA/final2.srcs/sources_1/new/add_module_4.vhd]
launch_simulation
INFO: [Vivado 12-5682] Launching behavioral simulation in 'C:/Users/sepidmnoroozi/Documents/8/fpga/project_2/NeuralNetwork_on_FPGA/final2.sim/sim_1/behav/xsim'
INFO: [SIM-utils-51] Simulation object is 'sim_1'
INFO: [SIM-utils-54] Inspecting design source files for 'multiplier_module' in fileset 'sim_1'...
INFO: [USF-XSim-97] Finding global include files...
INFO: [USF-XSim-98] Fetching design files from 'sim_1'...
INFO: [USF-XSim-2] XSim::Compile design
INFO: [USF-XSim-61] Executing 'COMPILE and ANALYZE' step in 'C:/Users/sepidmnoroozi/Documents/8/fpga/project_2/NeuralNetwork_on_FPGA/final2.sim/sim_1/behav/xsim'
"xvhdl --incr --relax -prj multiplier_module_vhdl.prj"
INFO: [USF-XSim-69] 'compile' step finished in '2' seconds
INFO: [USF-XSim-3] XSim::Elaborate design
INFO: [USF-XSim-61] Executing 'ELABORATE' step in 'C:/Users/sepidmnoroozi/Documents/8/fpga/project_2/NeuralNetwork_on_FPGA/final2.sim/sim_1/behav/xsim'
Vivado Simulator 2018.2
Copyright 1986-1999, 2001-2018 Xilinx, Inc. All Rights Reserved.
Running: C:/Xilinx/Vivado/2018.2/bin/unwrapped/win64.o/xelab.exe -wto 27609502018a4cb5956c944967b2b5bc --incr --debug typical --relax --mt 2 -L xil_defaultlib -L secureip --snapshot multiplier_module_behav xil_defaultlib.multiplier_module -log elaborate.log 
Using 2 slave threads.
Starting static elaboration
Completed static elaboration
Starting simulation data flow analysis
Completed simulation data flow analysis
Time Resolution for simulation is 1ps
Compiling package std.standard
Compiling package std.textio
Compiling package ieee.std_logic_1164
Compiling package ieee.math_real
Compiling package ieee.numeric_std
Compiling package xil_defaultlib.neurals_utils
Compiling architecture high_level_sim of entity xil_defaultlib.multiplier_module
Built simulation snapshot multiplier_module_behav

****** Webtalk v2018.2 (64-bit)
  **** SW Build 2258646 on Thu Jun 14 20:03:12 MDT 2018
  **** IP Build 2256618 on Thu Jun 14 22:10:49 MDT 2018
    ** Copyright 1986-2018 Xilinx, Inc. All Rights Reserved.

source C:/Users/sepidmnoroozi/Documents/8/fpga/project_2/NeuralNetwork_on_FPGA/final2.sim/sim_1/behav/xsim/xsim.dir/multiplier_module_behav/webtalk/xsim_webtalk.tcl -notrace
webtalk_transmit: Time (s): cpu = 00:00:00 ; elapsed = 00:00:06 . Memory (MB): peak = 55.359 ; gain = 1.297
INFO: [Common 17-206] Exiting Webtalk at Wed May 29 17:27:15 2019...
run_program: Time (s): cpu = 00:00:00 ; elapsed = 00:00:10 . Memory (MB): peak = 908.586 ; gain = 0.000
INFO: [USF-XSim-69] 'elaborate' step finished in '10' seconds
INFO: [USF-XSim-4] XSim::Simulate design
INFO: [USF-XSim-61] Executing 'SIMULATE' step in 'C:/Users/sepidmnoroozi/Documents/8/fpga/project_2/NeuralNetwork_on_FPGA/final2.sim/sim_1/behav/xsim'
INFO: [USF-XSim-98] *** Running xsim
   with args "multiplier_module_behav -key {Behavioral:sim_1:Functional:multiplier_module} -tclbatch {multiplier_module.tcl} -log {simulate.log}"
INFO: [USF-XSim-8] Loading simulator feature
Vivado Simulator 2018.2
Time resolution is 1 ps
source multiplier_module.tcl
# set curr_wave [current_wave_config]
# if { [string length $curr_wave] == 0 } {
#   if { [llength [get_objects]] > 0} {
#     add_wave /
#     set_property needs_save false [current_wave_config]
#   } else {
#      send_msg_id Add_Wave-1 WARNING "No top level signals found. Simulator will start without a wave window. If you want to open a wave window go to 'File->New Waveform Configuration' or type 'create_wave_config' in the TCL console."
#   }
# }
# run 1000ns
INFO: [USF-XSim-96] XSim completed. Design snapshot 'multiplier_module_behav' loaded.
INFO: [USF-XSim-97] XSim simulation ran for 1000ns
launch_simulation: Time (s): cpu = 00:00:03 ; elapsed = 00:00:15 . Memory (MB): peak = 908.586 ; gain = 0.000
add_force {/multiplier_module/inputx} -radix hex {1 0ns}
add_force {/multiplier_module/inputy} -radix hex {5 0ns}
run 1000 us
add_force {/multiplier_module/inputx} -radix hex {0100 0ns}
add_force {/multiplier_module/inputy} -radix hex {0100 0ns}
run 1000 us
add_force {/multiplier_module/inputx} -radix hex {10000000 0ns}
add_force {/multiplier_module/inputy} -radix hex {10000000 0ns}
run 1000 us
close_sim
INFO: [Simtcl 6-16] Simulation closed
close_sim: Time (s): cpu = 00:00:01 ; elapsed = 00:00:10 . Memory (MB): peak = 910.195 ; gain = 0.000
set_property is_enabled true [get_files  C:/Users/sepidmnoroozi/Documents/8/fpga/project_2/NeuralNetwork_on_FPGA/final2.srcs/sources_1/new/matrix_multiply_1_4_8.vhd]
update_compile_order -fileset sources_1
update_compile_order -fileset sources_1
set_property is_enabled true [get_files  C:/Users/sepidmnoroozi/Documents/8/fpga/project_2/NeuralNetwork_on_FPGA/final2.srcs/sources_1/new/add_module_4.vhd]
update_compile_order -fileset sources_1
launch_simulation
INFO: [Vivado 12-5682] Launching behavioral simulation in 'C:/Users/sepidmnoroozi/Documents/8/fpga/project_2/NeuralNetwork_on_FPGA/final2.sim/sim_1/behav/xsim'
INFO: [SIM-utils-51] Simulation object is 'sim_1'
INFO: [SIM-utils-54] Inspecting design source files for 'multiply_matrix_1_4_8' in fileset 'sim_1'...
INFO: [USF-XSim-97] Finding global include files...
INFO: [USF-XSim-98] Fetching design files from 'sim_1'...
INFO: [USF-XSim-2] XSim::Compile design
INFO: [USF-XSim-61] Executing 'COMPILE and ANALYZE' step in 'C:/Users/sepidmnoroozi/Documents/8/fpga/project_2/NeuralNetwork_on_FPGA/final2.sim/sim_1/behav/xsim'
"xvhdl --incr --relax -prj multiply_matrix_1_4_8_vhdl.prj"
INFO: [USF-XSim-69] 'compile' step finished in '3' seconds
INFO: [USF-XSim-3] XSim::Elaborate design
INFO: [USF-XSim-61] Executing 'ELABORATE' step in 'C:/Users/sepidmnoroozi/Documents/8/fpga/project_2/NeuralNetwork_on_FPGA/final2.sim/sim_1/behav/xsim'
Vivado Simulator 2018.2
Copyright 1986-1999, 2001-2018 Xilinx, Inc. All Rights Reserved.
Running: C:/Xilinx/Vivado/2018.2/bin/unwrapped/win64.o/xelab.exe -wto 27609502018a4cb5956c944967b2b5bc --incr --debug typical --relax --mt 2 -L xil_defaultlib -L secureip --snapshot multiply_matrix_1_4_8_behav xil_defaultlib.multiply_matrix_1_4_8 -log elaborate.log 
Using 2 slave threads.
Starting static elaboration
Completed static elaboration
INFO: [XSIM 43-4323] No Change in HDL. Linking previously generated obj files to create kernel
INFO: [USF-XSim-69] 'elaborate' step finished in '2' seconds
INFO: [USF-XSim-4] XSim::Simulate design
INFO: [USF-XSim-61] Executing 'SIMULATE' step in 'C:/Users/sepidmnoroozi/Documents/8/fpga/project_2/NeuralNetwork_on_FPGA/final2.sim/sim_1/behav/xsim'
INFO: [USF-XSim-98] *** Running xsim
   with args "multiply_matrix_1_4_8_behav -key {Behavioral:sim_1:Functional:multiply_matrix_1_4_8} -tclbatch {multiply_matrix_1_4_8.tcl} -log {simulate.log}"
INFO: [USF-XSim-8] Loading simulator feature
Vivado Simulator 2018.2
Time resolution is 1 ps
source multiply_matrix_1_4_8.tcl
# set curr_wave [current_wave_config]
# if { [string length $curr_wave] == 0 } {
#   if { [llength [get_objects]] > 0} {
#     add_wave /
#     set_property needs_save false [current_wave_config]
#   } else {
#      send_msg_id Add_Wave-1 WARNING "No top level signals found. Simulator will start without a wave window. If you want to open a wave window go to 'File->New Waveform Configuration' or type 'create_wave_config' in the TCL console."
#   }
# }
# run 1000ns
INFO: [USF-XSim-96] XSim completed. Design snapshot 'multiply_matrix_1_4_8_behav' loaded.
INFO: [USF-XSim-97] XSim simulation ran for 1000ns
launch_simulation: Time (s): cpu = 00:00:02 ; elapsed = 00:00:07 . Memory (MB): peak = 911.313 ; gain = 1.117
add_force {/multiply_matrix_1_4_8/in1[0]} -radix hex {10000000 0ns}
add_force {/multiply_matrix_1_4_8/in2[0,0]} -radix hex {10000000 0ns}
run 1000 us
close_sim
INFO: [Simtcl 6-16] Simulation closed
exit
INFO: [Common 17-206] Exiting Vivado at Thu May 30 00:40:06 2019...
