#-----------------------------------------------------------
# Vivado v2018.2 (64-bit)
# SW Build 2258646 on Thu Jun 14 20:03:12 MDT 2018
# IP Build 2256618 on Thu Jun 14 22:10:49 MDT 2018
# Start of session at: Thu May 30 22:37:12 2019
# Process ID: 10816
# Current directory: C:/Users/sepidmnoroozi/Documents/8/fpga/project_2/NeuralNetwork_on_FPGA
# Command line: vivado.exe -gui_launcher_event rodinguilauncherevent9312 C:\Users\sepidmnoroozi\Documents\8\fpga\project_2\NeuralNetwork_on_FPGA\final2.xpr
# Log file: C:/Users/sepidmnoroozi/Documents/8/fpga/project_2/NeuralNetwork_on_FPGA/vivado.log
# Journal file: C:/Users/sepidmnoroozi/Documents/8/fpga/project_2/NeuralNetwork_on_FPGA\vivado.jou
#-----------------------------------------------------------
start_gui
open_project C:/Users/sepidmnoroozi/Documents/8/fpga/project_2/NeuralNetwork_on_FPGA/final2.xpr
CRITICAL WARNING: [Project 1-19] Could not find the file 'C:/Users/sepidmnoroozi/Documents/8/fpga/project_2/NeuralNetwork_on_FPGA/final2.srcs/sources_1/new/multiplier_module.vhd'.
Scanning sources...
Finished scanning sources
INFO: [IP_Flow 19-234] Refreshing IP repositories
INFO: [IP_Flow 19-1704] No user IP repositories specified
INFO: [IP_Flow 19-2313] Loaded Vivado IP repository 'C:/Xilinx/Vivado/2018.2/data/ip'.
open_project: Time (s): cpu = 00:00:21 ; elapsed = 00:00:16 . Memory (MB): peak = 785.789 ; gain = 111.008
update_compile_order -fileset sources_1
set_property is_enabled true [get_files  C:/Users/sepidmnoroozi/Documents/8/fpga/project_2/NeuralNetwork_on_FPGA/final2.srcs/sources_1/new/matrix_multiply_1_4_8.vhd]
update_compile_order -fileset sources_1
set_property is_enabled true [get_files  C:/Users/sepidmnoroozi/Documents/8/fpga/project_2/NeuralNetwork_on_FPGA/final2.srcs/sources_1/new/multiply_matrix_1_8_4.vhd]
update_compile_order -fileset sources_1
set_property is_enabled true [get_files  C:/Users/sepidmnoroozi/Documents/8/fpga/project_2/NeuralNetwork_on_FPGA/final2.srcs/sources_1/new/multiplier_module.vhd]
update_compile_order -fileset sources_1
set_property is_enabled true [get_files  C:/Users/sepidmnoroozi/Documents/8/fpga/project_2/NeuralNetwork_on_FPGA/final2.srcs/sources_1/new/add_module_4.vhd]
update_compile_order -fileset sources_1
set_property is_enabled true [get_files  C:/Users/sepidmnoroozi/Documents/8/fpga/project_2/NeuralNetwork_on_FPGA/final2.srcs/sources_1/new/add_module_8.vhd]
update_compile_order -fileset sources_1
set_property is_enabled true [get_files  C:/Users/sepidmnoroozi/Documents/8/fpga/project_2/NeuralNetwork_on_FPGA/final2.srcs/sources_1/new/add_module.vhd]
update_compile_order -fileset sources_1
exit
INFO: [Common 17-206] Exiting Vivado at Thu May 30 22:42:52 2019...
