#-----------------------------------------------------------
# Vivado v2018.2 (64-bit)
# SW Build 2258646 on Thu Jun 14 20:03:12 MDT 2018
# IP Build 2256618 on Thu Jun 14 22:10:49 MDT 2018
# Start of session at: Thu May 30 22:42:55 2019
# Process ID: 6792
# Current directory: C:/Users/sepidmnoroozi/Documents/8/fpga/project_2/NeuralNetwork_on_FPGA
# Command line: vivado.exe -gui_launcher_event rodinguilauncherevent11212 C:\Users\sepidmnoroozi\Documents\8\fpga\project_2\NeuralNetwork_on_FPGA\final2.xpr
# Log file: C:/Users/sepidmnoroozi/Documents/8/fpga/project_2/NeuralNetwork_on_FPGA/vivado.log
# Journal file: C:/Users/sepidmnoroozi/Documents/8/fpga/project_2/NeuralNetwork_on_FPGA\vivado.jou
#-----------------------------------------------------------
start_gui
open_project C:/Users/sepidmnoroozi/Documents/8/fpga/project_2/NeuralNetwork_on_FPGA/final2.xpr
Scanning sources...
Finished scanning sources
INFO: [IP_Flow 19-234] Refreshing IP repositories
INFO: [IP_Flow 19-1704] No user IP repositories specified
INFO: [IP_Flow 19-2313] Loaded Vivado IP repository 'C:/Xilinx/Vivado/2018.2/data/ip'.
open_project: Time (s): cpu = 00:00:14 ; elapsed = 00:00:08 . Memory (MB): peak = 835.012 ; gain = 113.445
update_compile_order -fileset sources_1
launch_simulation
INFO: [Vivado 12-5682] Launching behavioral simulation in 'C:/Users/sepidmnoroozi/Documents/8/fpga/project_2/NeuralNetwork_on_FPGA/final2.sim/sim_1/behav/xsim'
INFO: [SIM-utils-51] Simulation object is 'sim_1'
INFO: [SIM-utils-54] Inspecting design source files for 'Forget' in fileset 'sim_1'...
INFO: [USF-XSim-97] Finding global include files...
INFO: [USF-XSim-98] Fetching design files from 'sim_1'...
INFO: [USF-XSim-2] XSim::Compile design
INFO: [USF-XSim-61] Executing 'COMPILE and ANALYZE' step in 'C:/Users/sepidmnoroozi/Documents/8/fpga/project_2/NeuralNetwork_on_FPGA/final2.sim/sim_1/behav/xsim'
"xvhdl --incr --relax -prj Forget_vhdl.prj"
INFO: [VRFC 10-163] Analyzing VHDL file "C:/Users/sepidmnoroozi/Documents/8/fpga/project_2/NeuralNetwork_on_FPGA/final2.srcs/sources_1/new/add_module.vhd" into library xil_defaultlib
INFO: [VRFC 10-307] analyzing entity add_module
INFO: [VRFC 10-163] Analyzing VHDL file "C:/Users/sepidmnoroozi/Documents/8/fpga/project_2/NeuralNetwork_on_FPGA/final2.srcs/sources_1/new/add_module_4.vhd" into library xil_defaultlib
INFO: [VRFC 10-307] analyzing entity add_module_4
INFO: [VRFC 10-163] Analyzing VHDL file "C:/Users/sepidmnoroozi/Documents/8/fpga/project_2/NeuralNetwork_on_FPGA/final2.srcs/sources_1/new/add_module_8.vhd" into library xil_defaultlib
INFO: [VRFC 10-307] analyzing entity add_module_8
INFO: [VRFC 10-163] Analyzing VHDL file "C:/Users/sepidmnoroozi/Documents/8/fpga/project_2/NeuralNetwork_on_FPGA/final2.srcs/sources_1/new/matrix_multiply_1_4_8.vhd" into library xil_defaultlib
INFO: [VRFC 10-307] analyzing entity multiply_matrix_1_4_8
INFO: [VRFC 10-163] Analyzing VHDL file "C:/Users/sepidmnoroozi/Documents/8/fpga/project_2/NeuralNetwork_on_FPGA/final2.srcs/sources_1/new/multiplier_module.vhd" into library xil_defaultlib
INFO: [VRFC 10-307] analyzing entity multiplier_module
INFO: [VRFC 10-163] Analyzing VHDL file "C:/Users/sepidmnoroozi/Documents/8/fpga/project_2/NeuralNetwork_on_FPGA/final2.srcs/sources_1/new/multiply_matrix_1_8_4.vhd" into library xil_defaultlib
INFO: [VRFC 10-307] analyzing entity multiply_matrix_1_8_8
INFO: [VRFC 10-163] Analyzing VHDL file "C:/Users/sepidmnoroozi/Documents/8/fpga/project_2/NeuralNetwork_on_FPGA/final2.srcs/sources_1/new/Forget.vhd" into library xil_defaultlib
INFO: [VRFC 10-307] analyzing entity Forget
WARNING: [VRFC 10-393] cannot access 'vec_file' from inside pure function 'init_wf'. [C:/Users/sepidmnoroozi/Documents/8/fpga/project_2/NeuralNetwork_on_FPGA/final2.srcs/sources_1/new/Forget.vhd:56]
WARNING: [VRFC 10-393] cannot access 'vec_file' from inside pure function 'init_wf'. [C:/Users/sepidmnoroozi/Documents/8/fpga/project_2/NeuralNetwork_on_FPGA/final2.srcs/sources_1/new/Forget.vhd:57]
WARNING: [VRFC 10-393] cannot access 'vec_file' from inside pure function 'init_bf'. [C:/Users/sepidmnoroozi/Documents/8/fpga/project_2/NeuralNetwork_on_FPGA/final2.srcs/sources_1/new/Forget.vhd:76]
WARNING: [VRFC 10-393] cannot access 'vec_file' from inside pure function 'init_bf'. [C:/Users/sepidmnoroozi/Documents/8/fpga/project_2/NeuralNetwork_on_FPGA/final2.srcs/sources_1/new/Forget.vhd:77]
WARNING: [VRFC 10-393] cannot access 'vec_file' from inside pure function 'init_uf'. [C:/Users/sepidmnoroozi/Documents/8/fpga/project_2/NeuralNetwork_on_FPGA/final2.srcs/sources_1/new/Forget.vhd:92]
WARNING: [VRFC 10-393] cannot access 'vec_file' from inside pure function 'init_uf'. [C:/Users/sepidmnoroozi/Documents/8/fpga/project_2/NeuralNetwork_on_FPGA/final2.srcs/sources_1/new/Forget.vhd:93]
INFO: [USF-XSim-69] 'compile' step finished in '2' seconds
INFO: [USF-XSim-3] XSim::Elaborate design
INFO: [USF-XSim-61] Executing 'ELABORATE' step in 'C:/Users/sepidmnoroozi/Documents/8/fpga/project_2/NeuralNetwork_on_FPGA/final2.sim/sim_1/behav/xsim'
Vivado Simulator 2018.2
Copyright 1986-1999, 2001-2018 Xilinx, Inc. All Rights Reserved.
Running: C:/Xilinx/Vivado/2018.2/bin/unwrapped/win64.o/xelab.exe -wto 27609502018a4cb5956c944967b2b5bc --incr --debug typical --relax --mt 2 -L xil_defaultlib -L secureip --snapshot Forget_behav xil_defaultlib.Forget -log elaborate.log 
Using 2 slave threads.
Starting static elaboration
Completed static elaboration
Starting simulation data flow analysis
Completed simulation data flow analysis
Time Resolution for simulation is 1ps
Compiling package std.standard
Compiling package std.textio
Compiling package ieee.std_logic_1164
Compiling package ieee.math_real
Compiling package ieee.numeric_std
Compiling package xil_defaultlib.neurals_utils
Compiling architecture high_level_sim of entity xil_defaultlib.multiplier_module [multiplier_module_default]
Compiling architecture high_level_sim of entity xil_defaultlib.add_module [add_module_default]
Compiling architecture behavioral of entity xil_defaultlib.add_module_4 [add_module_4_default]
Compiling architecture behavioral of entity xil_defaultlib.multiply_matrix_1_4_8 [multiply_matrix_1_4_8_default]
Compiling architecture behavioral of entity xil_defaultlib.add_module_8 [add_module_8_default]
Compiling architecture behavioral of entity xil_defaultlib.multiply_matrix_1_8_8 [multiply_matrix_1_8_8_default]
Compiling architecture behavioral of entity xil_defaultlib.add_3_matrix_1_8 [add_3_matrix_1_8_default]
Compiling architecture behavioral of entity xil_defaultlib.forget
Built simulation snapshot Forget_behav
INFO: [USF-XSim-69] 'elaborate' step finished in '5' seconds
INFO: [USF-XSim-4] XSim::Simulate design
INFO: [USF-XSim-61] Executing 'SIMULATE' step in 'C:/Users/sepidmnoroozi/Documents/8/fpga/project_2/NeuralNetwork_on_FPGA/final2.sim/sim_1/behav/xsim'
INFO: [USF-XSim-98] *** Running xsim
   with args "Forget_behav -key {Behavioral:sim_1:Functional:Forget} -tclbatch {Forget.tcl} -log {simulate.log}"
INFO: [USF-XSim-8] Loading simulator feature
Vivado Simulator 2018.2
Time resolution is 1 ps
source Forget.tcl
# set curr_wave [current_wave_config]
# if { [string length $curr_wave] == 0 } {
#   if { [llength [get_objects]] > 0} {
#     add_wave /
#     set_property needs_save false [current_wave_config]
#   } else {
#      send_msg_id Add_Wave-1 WARNING "No top level signals found. Simulator will start without a wave window. If you want to open a wave window go to 'File->New Waveform Configuration' or type 'create_wave_config' in the TCL console."
#   }
# }
# run 1000ns
INFO: [USF-XSim-96] XSim completed. Design snapshot 'Forget_behav' loaded.
INFO: [USF-XSim-97] XSim simulation ran for 1000ns
launch_simulation: Time (s): cpu = 00:00:10 ; elapsed = 00:00:12 . Memory (MB): peak = 884.090 ; gain = 27.922
close_sim
INFO: [Simtcl 6-16] Simulation closed
set_property is_enabled false [get_files  C:/Users/sepidmnoroozi/Documents/8/fpga/project_2/NeuralNetwork_on_FPGA/final2.srcs/sources_1/new/Forget.vhd]
set_property is_enabled true [get_files  C:/Users/sepidmnoroozi/Documents/8/fpga/project_2/NeuralNetwork_on_FPGA/final2.srcs/sources_1/new/Input.vhd]
update_compile_order -fileset sources_1
update_compile_order -fileset sources_1
launch_simulation
INFO: [Vivado 12-5682] Launching behavioral simulation in 'C:/Users/sepidmnoroozi/Documents/8/fpga/project_2/NeuralNetwork_on_FPGA/final2.sim/sim_1/behav/xsim'
INFO: [SIM-utils-51] Simulation object is 'sim_1'
INFO: [SIM-utils-54] Inspecting design source files for 'Input' in fileset 'sim_1'...
INFO: [USF-XSim-97] Finding global include files...
INFO: [USF-XSim-98] Fetching design files from 'sim_1'...
INFO: [USF-XSim-2] XSim::Compile design
INFO: [USF-XSim-61] Executing 'COMPILE and ANALYZE' step in 'C:/Users/sepidmnoroozi/Documents/8/fpga/project_2/NeuralNetwork_on_FPGA/final2.sim/sim_1/behav/xsim'
"xvhdl --incr --relax -prj Input_vhdl.prj"
INFO: [VRFC 10-163] Analyzing VHDL file "C:/Users/sepidmnoroozi/Documents/8/fpga/project_2/NeuralNetwork_on_FPGA/final2.srcs/sources_1/new/Input.vhd" into library xil_defaultlib
INFO: [VRFC 10-307] analyzing entity Input
WARNING: [VRFC 10-393] cannot access 'vec_file' from inside pure function 'init_w'. [C:/Users/sepidmnoroozi/Documents/8/fpga/project_2/NeuralNetwork_on_FPGA/final2.srcs/sources_1/new/Input.vhd:54]
WARNING: [VRFC 10-393] cannot access 'vec_file' from inside pure function 'init_w'. [C:/Users/sepidmnoroozi/Documents/8/fpga/project_2/NeuralNetwork_on_FPGA/final2.srcs/sources_1/new/Input.vhd:55]
WARNING: [VRFC 10-393] cannot access 'vec_file' from inside pure function 'init_b'. [C:/Users/sepidmnoroozi/Documents/8/fpga/project_2/NeuralNetwork_on_FPGA/final2.srcs/sources_1/new/Input.vhd:74]
WARNING: [VRFC 10-393] cannot access 'vec_file' from inside pure function 'init_b'. [C:/Users/sepidmnoroozi/Documents/8/fpga/project_2/NeuralNetwork_on_FPGA/final2.srcs/sources_1/new/Input.vhd:75]
WARNING: [VRFC 10-393] cannot access 'vec_file' from inside pure function 'init_u'. [C:/Users/sepidmnoroozi/Documents/8/fpga/project_2/NeuralNetwork_on_FPGA/final2.srcs/sources_1/new/Input.vhd:90]
WARNING: [VRFC 10-393] cannot access 'vec_file' from inside pure function 'init_u'. [C:/Users/sepidmnoroozi/Documents/8/fpga/project_2/NeuralNetwork_on_FPGA/final2.srcs/sources_1/new/Input.vhd:91]
INFO: [USF-XSim-69] 'compile' step finished in '2' seconds
INFO: [USF-XSim-3] XSim::Elaborate design
INFO: [USF-XSim-61] Executing 'ELABORATE' step in 'C:/Users/sepidmnoroozi/Documents/8/fpga/project_2/NeuralNetwork_on_FPGA/final2.sim/sim_1/behav/xsim'
Vivado Simulator 2018.2
Copyright 1986-1999, 2001-2018 Xilinx, Inc. All Rights Reserved.
Running: C:/Xilinx/Vivado/2018.2/bin/unwrapped/win64.o/xelab.exe -wto 27609502018a4cb5956c944967b2b5bc --incr --debug typical --relax --mt 2 -L xil_defaultlib -L secureip --snapshot Input_behav xil_defaultlib.Input -log elaborate.log 
Using 2 slave threads.
Starting static elaboration
ERROR: [VRFC 10-2551] failed to open VHDL file 'C:\Users\sepidmnoroozi\Documents\8\fpga\project_2\NeuralNetwork_on_FPGA\final2.srcs\sources_1\new\wi_file.txt' in mode 'r' [C:/Users/sepidmnoroozi/Documents/8/fpga/project_2/NeuralNetwork_on_FPGA/final2.srcs/sources_1/new/Input.vhd:47]
ERROR: [XSIM 43-3321] Static elaboration of top level VHDL design unit input in library work failed.
INFO: [USF-XSim-69] 'elaborate' step finished in '2' seconds
INFO: [USF-XSim-99] Step results log file:'C:/Users/sepidmnoroozi/Documents/8/fpga/project_2/NeuralNetwork_on_FPGA/final2.sim/sim_1/behav/xsim/elaborate.log'
ERROR: [USF-XSim-62] 'elaborate' step failed with error(s). Please check the Tcl console output or 'C:/Users/sepidmnoroozi/Documents/8/fpga/project_2/NeuralNetwork_on_FPGA/final2.sim/sim_1/behav/xsim/elaborate.log' file for more information.
ERROR: [Vivado 12-4473] Detected error while running simulation. Please correct the issue and retry this operation.
ERROR: [Common 17-39] 'launch_simulation' failed due to earlier errors.
set_property is_enabled true [get_files  C:/Users/sepidmnoroozi/Documents/8/fpga/project_2/NeuralNetwork_on_FPGA/final2.srcs/sources_1/new/Forget.vhd]
set_property is_enabled false [get_files  C:/Users/sepidmnoroozi/Documents/8/fpga/project_2/NeuralNetwork_on_FPGA/final2.srcs/sources_1/new/Input.vhd]
update_compile_order -fileset sources_1
update_compile_order -fileset sources_1
launch_simulation
INFO: [Vivado 12-5682] Launching behavioral simulation in 'C:/Users/sepidmnoroozi/Documents/8/fpga/project_2/NeuralNetwork_on_FPGA/final2.sim/sim_1/behav/xsim'
INFO: [SIM-utils-51] Simulation object is 'sim_1'
INFO: [SIM-utils-54] Inspecting design source files for 'Forget' in fileset 'sim_1'...
INFO: [USF-XSim-97] Finding global include files...
INFO: [USF-XSim-98] Fetching design files from 'sim_1'...
INFO: [USF-XSim-2] XSim::Compile design
INFO: [USF-XSim-61] Executing 'COMPILE and ANALYZE' step in 'C:/Users/sepidmnoroozi/Documents/8/fpga/project_2/NeuralNetwork_on_FPGA/final2.sim/sim_1/behav/xsim'
"xvhdl --incr --relax -prj Forget_vhdl.prj"
INFO: [VRFC 10-163] Analyzing VHDL file "C:/Users/sepidmnoroozi/Documents/8/fpga/project_2/NeuralNetwork_on_FPGA/final2.srcs/sources_1/new/Forget.vhd" into library xil_defaultlib
INFO: [VRFC 10-307] analyzing entity Forget
WARNING: [VRFC 10-393] cannot access 'vec_file' from inside pure function 'init_w'. [C:/Users/sepidmnoroozi/Documents/8/fpga/project_2/NeuralNetwork_on_FPGA/final2.srcs/sources_1/new/Forget.vhd:56]
WARNING: [VRFC 10-393] cannot access 'vec_file' from inside pure function 'init_w'. [C:/Users/sepidmnoroozi/Documents/8/fpga/project_2/NeuralNetwork_on_FPGA/final2.srcs/sources_1/new/Forget.vhd:57]
WARNING: [VRFC 10-393] cannot access 'vec_file' from inside pure function 'init_b'. [C:/Users/sepidmnoroozi/Documents/8/fpga/project_2/NeuralNetwork_on_FPGA/final2.srcs/sources_1/new/Forget.vhd:76]
WARNING: [VRFC 10-393] cannot access 'vec_file' from inside pure function 'init_b'. [C:/Users/sepidmnoroozi/Documents/8/fpga/project_2/NeuralNetwork_on_FPGA/final2.srcs/sources_1/new/Forget.vhd:77]
WARNING: [VRFC 10-393] cannot access 'vec_file' from inside pure function 'init_u'. [C:/Users/sepidmnoroozi/Documents/8/fpga/project_2/NeuralNetwork_on_FPGA/final2.srcs/sources_1/new/Forget.vhd:92]
WARNING: [VRFC 10-393] cannot access 'vec_file' from inside pure function 'init_u'. [C:/Users/sepidmnoroozi/Documents/8/fpga/project_2/NeuralNetwork_on_FPGA/final2.srcs/sources_1/new/Forget.vhd:93]
run_program: Time (s): cpu = 00:00:00 ; elapsed = 00:00:05 . Memory (MB): peak = 896.348 ; gain = 0.000
INFO: [USF-XSim-69] 'compile' step finished in '5' seconds
INFO: [USF-XSim-3] XSim::Elaborate design
INFO: [USF-XSim-61] Executing 'ELABORATE' step in 'C:/Users/sepidmnoroozi/Documents/8/fpga/project_2/NeuralNetwork_on_FPGA/final2.sim/sim_1/behav/xsim'
Vivado Simulator 2018.2
Copyright 1986-1999, 2001-2018 Xilinx, Inc. All Rights Reserved.
Running: C:/Xilinx/Vivado/2018.2/bin/unwrapped/win64.o/xelab.exe -wto 27609502018a4cb5956c944967b2b5bc --incr --debug typical --relax --mt 2 -L xil_defaultlib -L secureip --snapshot Forget_behav xil_defaultlib.Forget -log elaborate.log 
Using 2 slave threads.
Starting static elaboration
Completed static elaboration
Starting simulation data flow analysis
Completed simulation data flow analysis
Time Resolution for simulation is 1ps
Compiling package std.standard
Compiling package std.textio
Compiling package ieee.std_logic_1164
Compiling package ieee.math_real
Compiling package ieee.numeric_std
Compiling package xil_defaultlib.neurals_utils
Compiling architecture high_level_sim of entity xil_defaultlib.multiplier_module [multiplier_module_default]
Compiling architecture high_level_sim of entity xil_defaultlib.add_module [add_module_default]
Compiling architecture behavioral of entity xil_defaultlib.add_module_4 [add_module_4_default]
Compiling architecture behavioral of entity xil_defaultlib.multiply_matrix_1_4_8 [multiply_matrix_1_4_8_default]
Compiling architecture behavioral of entity xil_defaultlib.add_module_8 [add_module_8_default]
Compiling architecture behavioral of entity xil_defaultlib.multiply_matrix_1_8_8 [multiply_matrix_1_8_8_default]
Compiling architecture behavioral of entity xil_defaultlib.add_3_matrix_1_8 [add_3_matrix_1_8_default]
Compiling architecture behavioral of entity xil_defaultlib.forget
Built simulation snapshot Forget_behav
run_program: Time (s): cpu = 00:00:00 ; elapsed = 00:00:06 . Memory (MB): peak = 896.348 ; gain = 0.000
INFO: [USF-XSim-69] 'elaborate' step finished in '6' seconds
INFO: [USF-XSim-4] XSim::Simulate design
INFO: [USF-XSim-61] Executing 'SIMULATE' step in 'C:/Users/sepidmnoroozi/Documents/8/fpga/project_2/NeuralNetwork_on_FPGA/final2.sim/sim_1/behav/xsim'
INFO: [USF-XSim-98] *** Running xsim
   with args "Forget_behav -key {Behavioral:sim_1:Functional:Forget} -tclbatch {Forget.tcl} -log {simulate.log}"
INFO: [USF-XSim-8] Loading simulator feature
Vivado Simulator 2018.2
Time resolution is 1 ps
source Forget.tcl
# set curr_wave [current_wave_config]
# if { [string length $curr_wave] == 0 } {
#   if { [llength [get_objects]] > 0} {
#     add_wave /
#     set_property needs_save false [current_wave_config]
#   } else {
#      send_msg_id Add_Wave-1 WARNING "No top level signals found. Simulator will start without a wave window. If you want to open a wave window go to 'File->New Waveform Configuration' or type 'create_wave_config' in the TCL console."
#   }
# }
# run 1000ns
INFO: [USF-XSim-96] XSim completed. Design snapshot 'Forget_behav' loaded.
INFO: [USF-XSim-97] XSim simulation ran for 1000ns
launch_simulation: Time (s): cpu = 00:00:04 ; elapsed = 00:00:14 . Memory (MB): peak = 903.535 ; gain = 7.188
close_sim
INFO: [Simtcl 6-16] Simulation closed
set_property is_enabled false [get_files  C:/Users/sepidmnoroozi/Documents/8/fpga/project_2/NeuralNetwork_on_FPGA/final2.srcs/sources_1/new/Forget.vhd]
set_property is_enabled true [get_files  C:/Users/sepidmnoroozi/Documents/8/fpga/project_2/NeuralNetwork_on_FPGA/final2.srcs/sources_1/new/Input.vhd]
update_compile_order -fileset sources_1
update_compile_order -fileset sources_1
launch_simulation
INFO: [Vivado 12-5682] Launching behavioral simulation in 'C:/Users/sepidmnoroozi/Documents/8/fpga/project_2/NeuralNetwork_on_FPGA/final2.sim/sim_1/behav/xsim'
INFO: [SIM-utils-51] Simulation object is 'sim_1'
INFO: [SIM-utils-54] Inspecting design source files for 'Input' in fileset 'sim_1'...
INFO: [USF-XSim-97] Finding global include files...
INFO: [USF-XSim-98] Fetching design files from 'sim_1'...
INFO: [USF-XSim-2] XSim::Compile design
INFO: [USF-XSim-61] Executing 'COMPILE and ANALYZE' step in 'C:/Users/sepidmnoroozi/Documents/8/fpga/project_2/NeuralNetwork_on_FPGA/final2.sim/sim_1/behav/xsim'
"xvhdl --incr --relax -prj Input_vhdl.prj"
INFO: [USF-XSim-69] 'compile' step finished in '2' seconds
INFO: [USF-XSim-3] XSim::Elaborate design
INFO: [USF-XSim-61] Executing 'ELABORATE' step in 'C:/Users/sepidmnoroozi/Documents/8/fpga/project_2/NeuralNetwork_on_FPGA/final2.sim/sim_1/behav/xsim'
Vivado Simulator 2018.2
Copyright 1986-1999, 2001-2018 Xilinx, Inc. All Rights Reserved.
Running: C:/Xilinx/Vivado/2018.2/bin/unwrapped/win64.o/xelab.exe -wto 27609502018a4cb5956c944967b2b5bc --incr --debug typical --relax --mt 2 -L xil_defaultlib -L secureip --snapshot Input_behav xil_defaultlib.Input -log elaborate.log 
Using 2 slave threads.
Starting static elaboration
Completed static elaboration
Starting simulation data flow analysis
Completed simulation data flow analysis
Time Resolution for simulation is 1ps
Compiling package std.standard
Compiling package std.textio
Compiling package ieee.std_logic_1164
Compiling package ieee.math_real
Compiling package ieee.numeric_std
Compiling package xil_defaultlib.neurals_utils
Compiling architecture high_level_sim of entity xil_defaultlib.multiplier_module [multiplier_module_default]
Compiling architecture high_level_sim of entity xil_defaultlib.add_module [add_module_default]
Compiling architecture behavioral of entity xil_defaultlib.add_module_4 [add_module_4_default]
Compiling architecture behavioral of entity xil_defaultlib.multiply_matrix_1_4_8 [multiply_matrix_1_4_8_default]
Compiling architecture behavioral of entity xil_defaultlib.add_module_8 [add_module_8_default]
Compiling architecture behavioral of entity xil_defaultlib.multiply_matrix_1_8_8 [multiply_matrix_1_8_8_default]
Compiling architecture behavioral of entity xil_defaultlib.add_3_matrix_1_8 [add_3_matrix_1_8_default]
Compiling architecture behavioral of entity xil_defaultlib.input
Built simulation snapshot Input_behav

****** Webtalk v2018.2 (64-bit)
  **** SW Build 2258646 on Thu Jun 14 20:03:12 MDT 2018
  **** IP Build 2256618 on Thu Jun 14 22:10:49 MDT 2018
    ** Copyright 1986-2018 Xilinx, Inc. All Rights Reserved.

source C:/Users/sepidmnoroozi/Documents/8/fpga/project_2/NeuralNetwork_on_FPGA/final2.sim/sim_1/behav/xsim/xsim.dir/Input_behav/webtalk/xsim_webtalk.tcl -notrace
webtalk_transmit: Time (s): cpu = 00:00:00 ; elapsed = 00:00:06 . Memory (MB): peak = 55.426 ; gain = 1.184
INFO: [Common 17-206] Exiting Webtalk at Thu May 30 23:07:11 2019...
run_program: Time (s): cpu = 00:00:00 ; elapsed = 00:00:14 . Memory (MB): peak = 905.961 ; gain = 0.000
INFO: [USF-XSim-69] 'elaborate' step finished in '14' seconds
INFO: [USF-XSim-4] XSim::Simulate design
INFO: [USF-XSim-61] Executing 'SIMULATE' step in 'C:/Users/sepidmnoroozi/Documents/8/fpga/project_2/NeuralNetwork_on_FPGA/final2.sim/sim_1/behav/xsim'
INFO: [USF-XSim-98] *** Running xsim
   with args "Input_behav -key {Behavioral:sim_1:Functional:Input} -tclbatch {Input.tcl} -log {simulate.log}"
INFO: [USF-XSim-8] Loading simulator feature
Vivado Simulator 2018.2
Time resolution is 1 ps
source Input.tcl
# set curr_wave [current_wave_config]
# if { [string length $curr_wave] == 0 } {
#   if { [llength [get_objects]] > 0} {
#     add_wave /
#     set_property needs_save false [current_wave_config]
#   } else {
#      send_msg_id Add_Wave-1 WARNING "No top level signals found. Simulator will start without a wave window. If you want to open a wave window go to 'File->New Waveform Configuration' or type 'create_wave_config' in the TCL console."
#   }
# }
# run 1000ns
INFO: [USF-XSim-96] XSim completed. Design snapshot 'Input_behav' loaded.
INFO: [USF-XSim-97] XSim simulation ran for 1000ns
launch_simulation: Time (s): cpu = 00:00:03 ; elapsed = 00:00:19 . Memory (MB): peak = 905.961 ; gain = 0.000
close_sim
INFO: [Simtcl 6-16] Simulation closed
close_sim: Time (s): cpu = 00:00:01 ; elapsed = 00:00:11 . Memory (MB): peak = 905.961 ; gain = 0.000
close [ open C:/Users/sepidmnoroozi/Documents/8/fpga/project_2/NeuralNetwork_on_FPGA/final2.srcs/sources_1/new/Ft.vhd w ]
add_files C:/Users/sepidmnoroozi/Documents/8/fpga/project_2/NeuralNetwork_on_FPGA/final2.srcs/sources_1/new/Ft.vhd
update_compile_order -fileset sources_1
set_property is_enabled false [get_files  C:/Users/sepidmnoroozi/Documents/8/fpga/project_2/NeuralNetwork_on_FPGA/final2.srcs/sources_1/new/Input.vhd]
set_property is_enabled true [get_files  C:/Users/sepidmnoroozi/Documents/8/fpga/project_2/NeuralNetwork_on_FPGA/final2.srcs/sources_1/new/Forget.vhd]
update_compile_order -fileset sources_1
update_compile_order -fileset sources_1
close [ open C:/Users/sepidmnoroozi/Documents/8/fpga/project_2/NeuralNetwork_on_FPGA/final2.srcs/sources_1/new/sigmoid_module.vhd w ]
add_files C:/Users/sepidmnoroozi/Documents/8/fpga/project_2/NeuralNetwork_on_FPGA/final2.srcs/sources_1/new/sigmoid_module.vhd
update_compile_order -fileset sources_1
set_property file_type {VHDL 2008} [get_files  C:/Users/sepidmnoroozi/Documents/8/fpga/project_2/NeuralNetwork_on_FPGA/final2.srcs/sources_1/new/sigmoid_module.vhd]
set_property file_type {VHDL 2008} [get_files  C:/Users/sepidmnoroozi/Documents/8/fpga/project_2/NeuralNetwork_on_FPGA/final2.srcs/sources_1/new/Ft.vhd]
update_compile_order -fileset sources_1
launch_simulation
INFO: [Vivado 12-5682] Launching behavioral simulation in 'C:/Users/sepidmnoroozi/Documents/8/fpga/project_2/NeuralNetwork_on_FPGA/final2.sim/sim_1/behav/xsim'
INFO: [SIM-utils-51] Simulation object is 'sim_1'
INFO: [SIM-utils-54] Inspecting design source files for 'Ft' in fileset 'sim_1'...
INFO: [USF-XSim-97] Finding global include files...
INFO: [USF-XSim-98] Fetching design files from 'sim_1'...
INFO: [USF-XSim-2] XSim::Compile design
INFO: [USF-XSim-61] Executing 'COMPILE and ANALYZE' step in 'C:/Users/sepidmnoroozi/Documents/8/fpga/project_2/NeuralNetwork_on_FPGA/final2.sim/sim_1/behav/xsim'
"xvhdl --incr --relax -prj Ft_vhdl.prj"
INFO: [VRFC 10-163] Analyzing VHDL file "C:/Users/sepidmnoroozi/Documents/8/fpga/project_2/NeuralNetwork_on_FPGA/final2.srcs/sources_1/new/sigmoid_module.vhd" into library xil_defaultlib
INFO: [VRFC 10-307] analyzing entity sigmoid_module
INFO: [VRFC 10-163] Analyzing VHDL file "C:/Users/sepidmnoroozi/Documents/8/fpga/project_2/NeuralNetwork_on_FPGA/final2.srcs/sources_1/new/Ft.vhd" into library xil_defaultlib
INFO: [VRFC 10-307] analyzing entity Ft
INFO: [USF-XSim-69] 'compile' step finished in '4' seconds
INFO: [USF-XSim-3] XSim::Elaborate design
INFO: [USF-XSim-61] Executing 'ELABORATE' step in 'C:/Users/sepidmnoroozi/Documents/8/fpga/project_2/NeuralNetwork_on_FPGA/final2.sim/sim_1/behav/xsim'
Vivado Simulator 2018.2
Copyright 1986-1999, 2001-2018 Xilinx, Inc. All Rights Reserved.
Running: C:/Xilinx/Vivado/2018.2/bin/unwrapped/win64.o/xelab.exe -wto 27609502018a4cb5956c944967b2b5bc --incr --debug typical --relax --mt 2 -L xil_defaultlib -L secureip --snapshot Ft_behav xil_defaultlib.Ft -log elaborate.log 
Using 2 slave threads.
Starting static elaboration
Completed static elaboration
Starting simulation data flow analysis
Completed simulation data flow analysis
Time Resolution for simulation is 1ps
Compiling package std.standard
Compiling package std.textio
Compiling package ieee.std_logic_1164
Compiling package ieee.math_real
Compiling package ieee.numeric_std
Compiling package xil_defaultlib.neurals_utils
Compiling architecture high_level_sim of entity xil_defaultlib.sigmoid_module [sigmoid_module_default]
Compiling architecture high_level_sim of entity xil_defaultlib.multiplier_module [multiplier_module_default]
Compiling architecture high_level_sim of entity xil_defaultlib.add_module [add_module_default]
Compiling architecture behavioral of entity xil_defaultlib.add_module_4 [add_module_4_default]
Compiling architecture behavioral of entity xil_defaultlib.multiply_matrix_1_4_8 [multiply_matrix_1_4_8_default]
Compiling architecture behavioral of entity xil_defaultlib.add_module_8 [add_module_8_default]
Compiling architecture behavioral of entity xil_defaultlib.multiply_matrix_1_8_8 [multiply_matrix_1_8_8_default]
Compiling architecture behavioral of entity xil_defaultlib.add_3_matrix_1_8 [add_3_matrix_1_8_default]
Compiling architecture behavioral of entity xil_defaultlib.Forget [forget_default]
Compiling architecture behavioral of entity xil_defaultlib.ft
Built simulation snapshot Ft_behav

****** Webtalk v2018.2 (64-bit)
  **** SW Build 2258646 on Thu Jun 14 20:03:12 MDT 2018
  **** IP Build 2256618 on Thu Jun 14 22:10:49 MDT 2018
    ** Copyright 1986-2018 Xilinx, Inc. All Rights Reserved.

source C:/Users/sepidmnoroozi/Documents/8/fpga/project_2/NeuralNetwork_on_FPGA/final2.sim/sim_1/behav/xsim/xsim.dir/Ft_behav/webtalk/xsim_webtalk.tcl -notrace
webtalk_transmit: Time (s): cpu = 00:00:00 ; elapsed = 00:00:06 . Memory (MB): peak = 55.402 ; gain = 0.891
INFO: [Common 17-206] Exiting Webtalk at Fri May 31 00:41:14 2019...
run_program: Time (s): cpu = 00:00:00 ; elapsed = 00:00:14 . Memory (MB): peak = 913.488 ; gain = 0.000
INFO: [USF-XSim-69] 'elaborate' step finished in '14' seconds
INFO: [USF-XSim-4] XSim::Simulate design
INFO: [USF-XSim-61] Executing 'SIMULATE' step in 'C:/Users/sepidmnoroozi/Documents/8/fpga/project_2/NeuralNetwork_on_FPGA/final2.sim/sim_1/behav/xsim'
INFO: [USF-XSim-98] *** Running xsim
   with args "Ft_behav -key {Behavioral:sim_1:Functional:Ft} -tclbatch {Ft.tcl} -log {simulate.log}"
INFO: [USF-XSim-8] Loading simulator feature
Vivado Simulator 2018.2
Time resolution is 1 ps
source Ft.tcl
# set curr_wave [current_wave_config]
# if { [string length $curr_wave] == 0 } {
#   if { [llength [get_objects]] > 0} {
#     add_wave /
#     set_property needs_save false [current_wave_config]
#   } else {
#      send_msg_id Add_Wave-1 WARNING "No top level signals found. Simulator will start without a wave window. If you want to open a wave window go to 'File->New Waveform Configuration' or type 'create_wave_config' in the TCL console."
#   }
# }
# run 1000ns
INFO: [USF-XSim-96] XSim completed. Design snapshot 'Ft_behav' loaded.
INFO: [USF-XSim-97] XSim simulation ran for 1000ns
launch_simulation: Time (s): cpu = 00:00:05 ; elapsed = 00:00:22 . Memory (MB): peak = 921.352 ; gain = 7.863
add_force {/Ft/enable} -radix hex {1 0ns}
add_force {/Ft/clk} -radix hex {0 0ns} {1 50000ps} -repeat_every 100000ps
add_force {/Ft/xt[0]} -radix hex {1 0ns}
close_sim
INFO: [Simtcl 6-16] Simulation closed
close_sim: Time (s): cpu = 00:00:01 ; elapsed = 00:00:13 . Memory (MB): peak = 933.844 ; gain = 0.000
